Forking IMax153/advanced-effect-workshop ...
Directory 'advanced-effect-workshop' already exists. Pulling latest changes...
Switching to branch 'update-readme-codeanywhere' in 'advanced-effect-workshop'...

=====================================================
Forked and cloned: IMax153/advanced-effect-workshop
=====================================================

Forking ImArnoldDCODES/foliov2-astro ...
Forking idea2app/book-reader ...
Forking Howard86/f2e-2023-landing ...
Forking hipertracker/astro-primevue-minimal ...
Forking HeyPuter/puter ...
Forking HeyHeyChicken/NOVA-NodeJS ...
Forking heygrady/blog ...
Directory 'blog' already exists. Pulling latest changes...
Switching to branch 'update-readme-codeanywhere' in 'blog'...

=====================================================
Forked and cloned: heygrady/blog
=====================================================

Forking Harry-Hopkinson/templates ...
Directory 'templates' already exists. Pulling latest changes...
Switching to branch 'update-readme-codeanywhere' in 'templates'...

=====================================================
Forked and cloned: Harry-Hopkinson/templates
=====================================================

Skipping already processed repository: Harry-Hopkinson/templates
Skipping already processed repository: Harry-Hopkinson/templates
Forking Harry-Hopkinson/create-astro-app ...
Forking Harry-Hopkinson/create-astro-app ...
Forking Harry-Hopkinson/create-astro-app ...
Forking HakjunMIN/autogen_sample ...
Forking gutentag2012/form-signals ...
Forking Guleixibian2009/Game-Collection ...
Forking gleilsonpedro/covid_data_analysis_with_IPCA-Brasil ...
Forking Giveth/DeVouch-BE ...
Forking Ghostboy007/Function-Frontend ...
Forking gernsdorfer/async-component-loader ...
Forking gernsdorfer/async-component-loader ...
Forking gerardrbentley/cookiecutter-streamlit ...
Forking gear-foundation/dapps ...
Forking gear-foundation/dapps ...
Forking gbarros/CartesiWorkshop ...
Forking garth-wells/CUED-3D7-Lab ...
Forking fylgja/examples ...
Directory 'examples' already exists. Pulling latest changes...
Switching to branch 'update-readme-codeanywhere' in 'examples'...

=====================================================
Forked and cloned: fylgja/examples
=====================================================

Forking Fryuni/inox-tools ...
