Failed to fork ImArnoldDCODES/foliov2-astro. Skipping.
Failed to fork idea2app/book-reader. Skipping.
Failed to fork Howard86/f2e-2023-landing. Skipping.
Failed to fork hipertracker/astro-primevue-minimal. Skipping.
Failed to fork HeyPuter/puter. Skipping.
Failed to fork HeyHeyChicken/NOVA-NodeJS. Skipping.
Failed to fork Harry-Hopkinson/create-astro-app. Skipping.
Failed to fork Harry-Hopkinson/create-astro-app. Skipping.
Failed to fork Harry-Hopkinson/create-astro-app. Skipping.
Failed to fork HakjunMIN/autogen_sample. Skipping.
Failed to fork gutentag2012/form-signals. Skipping.
Failed to fork Guleixibian2009/Game-Collection. Skipping.
Failed to fork gleilsonpedro/covid_data_analysis_with_IPCA-Brasil. Skipping.
Failed to fork Giveth/DeVouch-BE. Skipping.
Failed to fork Ghostboy007/Function-Frontend. Skipping.
Failed to fork gernsdorfer/async-component-loader. Skipping.
Failed to fork gernsdorfer/async-component-loader. Skipping.
Failed to fork gerardrbentley/cookiecutter-streamlit. Skipping.
Failed to fork gear-foundation/dapps. Skipping.
Failed to fork gear-foundation/dapps. Skipping.
Failed to fork gbarros/CartesiWorkshop. Skipping.
Failed to fork garth-wells/CUED-3D7-Lab. Skipping.
